TN:
SF:src/components/NewsCard.vue
FN:66,(anonymous_0)
FN:76,(anonymous_1)
FN:43,(anonymous_2)
FNF:3
FNH:3
FNDA:210,(anonymous_0)
FNDA:210,(anonymous_1)
FNDA:168,(anonymous_2)
DA:2,211
DA:9,2
DA:22,2
DA:27,2
DA:28,2
DA:31,2
DA:43,168
DA:53,210
DA:64,210
DA:66,210
DA:67,210
DA:68,182
DA:69,182
DA:76,210
DA:77,210
DA:83,210
DA:84,210
LF:17
LH:17
BRDA:67,0,0,28
BRDA:67,0,1,182
BRDA:84,1,0,183
BRDA:84,1,1,27
BRDA:11,2,0,165
BRDA:11,2,1,46
BRDA:11,3,0,211
BRDA:11,3,1,168
BRDA:18,4,0,211
BRDA:18,4,1,210
BRDA:29,5,0,43
BRDA:29,5,1,168
BRDA:32,6,0,43
BRDA:32,6,1,168
BRDA:38,7,0,168
BRDA:44,8,0,168
BRDA:44,8,1,168
BRF:17
BRH:17
end_of_record
TN:
SF:src/components/NewsFilter.vue
FN:35,(anonymous_0)
FN:43,(anonymous_1)
FN:45,(anonymous_2)
FN:6,(anonymous_3)
FN:12,(anonymous_4)
FNF:5
FNH:5
FNDA:47,(anonymous_0)
FNDA:500,(anonymous_1)
FNDA:5,(anonymous_2)
FNDA:250,(anonymous_3)
FNDA:5,(anonymous_4)
DA:2,50
DA:5,250
DA:12,5
DA:24,47
DA:31,47
DA:33,47
DA:35,47
DA:43,500
DA:45,47
DA:46,5
LF:10
LH:10
BRF:0
BRH:0
end_of_record
TN:
SF:src/components/NewsList.vue
FN:92,(anonymous_0)
FN:96,(anonymous_1)
FN:100,(anonymous_2)
FN:103,(anonymous_3)
FN:6,(anonymous_4)
FN:58,(anonymous_5)
FNF:6
FNH:5
FNDA:56,(anonymous_0)
FNDA:52,(anonymous_1)
FNDA:1,(anonymous_2)
FNDA:0,(anonymous_3)
FNDA:134,(anonymous_4)
FNDA:24,(anonymous_5)
DA:2,56
DA:5,134
DA:23,1
DA:57,24
DA:73,56
DA:88,56
DA:90,56
DA:92,56
DA:93,56
DA:96,56
DA:97,52
DA:100,56
DA:101,1
DA:103,1
DA:104,0
LF:15
LH:14
BRDA:17,0,0,9
BRDA:17,0,1,47
BRDA:17,1,0,56
BRDA:17,1,1,52
BRDA:22,2,0,9
BRDA:22,2,1,9
BRDA:28,3,0,1
BRDA:28,4,0,47
BRDA:28,4,1,43
BRDA:28,4,2,1
BRDA:27,5,0,1
BRDA:27,5,1,1
BRDA:39,6,0,14
BRDA:39,7,0,56
BRDA:39,7,1,52
BRDA:48,8,0,14
BRDA:48,8,1,14
BRDA:54,9,0,4
BRF:18
BRH:18
end_of_record
TN:
SF:src/components/__tests__/RouterLinkStub.vue
FNF:0
FNH:0
DA:2,168
LF:1
LH:1
BRDA:2,0,0,168
BRDA:2,0,1,0
BRF:2
BRH:1
end_of_record
TN:
SF:src/views/PositionList.vue
FN:236,(anonymous_0)
FN:246,(anonymous_1)
FN:255,(anonymous_2)
FN:264,(anonymous_3)
FN:272,(anonymous_4)
FN:273,(anonymous_5)
FN:288,(anonymous_6)
FN:290,(anonymous_7)
FN:301,(anonymous_8)
FN:311,(anonymous_9)
FN:321,(anonymous_10)
FN:326,(anonymous_11)
FN:330,(anonymous_12)
FN:337,(anonymous_13)
FN:342,(anonymous_14)
FN:348,(anonymous_15)
FN:362,(anonymous_16)
FN:5,(anonymous_17)
FN:7,(anonymous_18)
FN:31,(anonymous_19)
FN:39,(anonymous_20)
FN:40,(anonymous_21)
FN:49,(anonymous_22)
FN:50,(anonymous_23)
FN:59,(anonymous_24)
FN:60,(anonymous_25)
FN:80,(anonymous_26)
FN:112,(anonymous_27)
FN:166,(anonymous_28)
FN:175,(anonymous_29)
FN:184,(anonymous_30)
FNF:31
FNH:26
FNDA:101,(anonymous_0)
FNDA:101,(anonymous_1)
FNDA:101,(anonymous_2)
FNDA:119,(anonymous_3)
FNDA:224,(anonymous_4)
FNDA:357,(anonymous_5)
FNDA:780,(anonymous_6)
FNDA:398,(anonymous_7)
FNDA:398,(anonymous_8)
FNDA:0,(anonymous_9)
FNDA:383,(anonymous_10)
FNDA:382,(anonymous_11)
FNDA:4,(anonymous_12)
FNDA:16,(anonymous_13)
FNDA:4,(anonymous_14)
FNDA:101,(anonymous_15)
FNDA:101,(anonymous_16)
FNDA:101,(anonymous_17)
FNDA:101,(anonymous_18)
FNDA:1,(anonymous_19)
FNDA:0,(anonymous_20)
FNDA:1464,(anonymous_21)
FNDA:0,(anonymous_22)
FNDA:1220,(anonymous_23)
FNDA:0,(anonymous_24)
FNDA:1220,(anonymous_25)
FNDA:382,(anonymous_26)
FNDA:0,(anonymous_27)
FNDA:32,(anonymous_28)
FNDA:32,(anonymous_29)
FNDA:32,(anonymous_30)
DA:2,244
DA:5,101
DA:7,101
DA:9,1
DA:13,1
DA:14,1
DA:15,1
DA:19,1
DA:21,1
DA:22,1
DA:23,1
DA:26,1
DA:27,1
DA:31,1
DA:37,1
DA:38,1
DA:39,0
DA:40,1464
DA:47,1
DA:48,1
DA:49,0
DA:50,1220
DA:57,1
DA:58,1
DA:59,0
DA:60,1220
DA:77,1
DA:79,382
DA:85,1
DA:87,1
DA:88,1
DA:91,1
DA:95,1
DA:100,1
DA:104,1
DA:105,1
DA:106,1
DA:112,0
DA:122,1
DA:138,1
DA:147,1
DA:148,1
DA:150,1
DA:158,1
DA:163,1
DA:165,1
DA:166,32
DA:172,1
DA:174,1
DA:175,32
DA:181,1
DA:183,1
DA:184,32
DA:190,1
DA:195,1
DA:196,1
DA:197,1
DA:210,101
DA:213,101
DA:216,101
DA:217,101
DA:219,101
DA:220,101
DA:225,0
DA:229,101
DA:230,101
DA:231,101
DA:232,101
DA:233,101
DA:236,101
DA:246,101
DA:255,101
DA:264,101
DA:265,119
DA:272,101
DA:273,224
DA:274,357
DA:279,357
DA:280,357
DA:281,357
DA:283,357
DA:288,780
DA:290,101
DA:291,398
DA:298,398
DA:301,101
DA:302,398
DA:308,398
DA:311,101
DA:312,0
DA:318,0
DA:321,101
DA:322,383
DA:323,383
DA:326,382
DA:327,382
DA:330,101
DA:331,4
DA:332,4
DA:333,4
DA:334,4
DA:337,101
DA:338,16
DA:339,16
DA:342,101
DA:343,4
DA:344,4
DA:348,101
DA:349,101
DA:350,101
DA:351,101
DA:353,0
DA:354,0
DA:357,0
DA:358,0
DA:362,101
DA:363,101
DA:364,12
LF:118
LH:107
BRDA:219,0,0,101
BRDA:219,0,1,0
BRDA:219,1,0,101
BRDA:219,1,1,101
BRDA:265,2,0,119
BRDA:265,2,1,111
BRDA:265,2,2,105
BRDA:265,2,3,104
BRDA:274,3,0,357
BRDA:274,3,1,24
BRDA:274,3,2,20
BRDA:274,3,3,20
BRDA:274,3,4,20
BRDA:279,4,0,357
BRDA:279,4,1,24
BRDA:280,5,0,357
BRDA:280,5,1,12
BRDA:281,6,0,357
BRDA:281,6,1,12
BRDA:283,7,0,357
BRDA:283,7,1,338
BRDA:283,7,2,326
BRDA:283,7,3,324
BRDA:298,8,0,398
BRDA:298,8,1,0
BRDA:308,9,0,398
BRDA:308,9,1,0
BRDA:318,10,0,0
BRDA:318,10,1,0
BRDA:326,11,0,0
BRDA:326,11,1,382
BRDA:327,12,0,0
BRDA:327,12,1,382
BRDA:350,13,0,101
BRDA:350,13,1,0
BRDA:363,14,0,12
BRDA:363,14,1,89
BRDA:6,15,0,244
BRDA:6,15,1,101
BRDA:7,16,0,101
BRDA:7,16,1,101
BRDA:8,17,0,244
BRDA:8,17,1,101
BRDA:31,18,0,244
BRDA:31,18,1,101
BRDA:39,19,0,244
BRDA:39,19,1,101
BRDA:49,20,0,244
BRDA:49,20,1,101
BRDA:59,21,0,244
BRDA:59,21,1,101
BRDA:67,22,0,16
BRDA:78,23,0,136
BRDA:78,23,1,108
BRDA:92,24,0,382
BRDA:92,24,1,101
BRDA:121,25,0,108
BRDA:121,25,1,101
BRDA:123,26,0,105
BRDA:123,26,1,3
BRDA:125,27,0,3
BRDA:128,28,0,3
BRDA:136,29,0,16
BRDA:152,30,0,16
BRDA:152,30,1,15
BRDA:154,31,0,16
BRDA:154,31,1,15
BRF:67
BRH:59
end_of_record
